<?xml version="1.0" encoding="UTF-8"?>
<testng-results ignored="0" total="1" passed="1" failed="0" skipped="0">
  <reporter-output>
  </reporter-output>
  <suite started-at="2026-03-22T16:38:14 GMT" name="Default suite" finished-at="2026-03-22T16:38:17 GMT" duration-ms="2563">
    <groups>
    </groups>
    <test started-at="2026-03-22T16:38:14 GMT" name="Default test" finished-at="2026-03-22T16:38:17 GMT" duration-ms="2563">
      <class name="GraphQLTest">
        <test-method signature="newTest()[pri:0, instance:GraphQLTest@7f0eb4b4]" started-at="2026-03-22T16:38:14 GMT" name="newTest" finished-at="2026-03-22T16:38:17 GMT" duration-ms="2519" status="PASS">
          <reporter-output>
          </reporter-output>
        </test-method> <!-- newTest -->
      </class> <!-- GraphQLTest -->
    </test> <!-- Default test -->
  </suite> <!-- Default suite -->
</testng-results>
